Determining if the pthread_create exist failed with the following output:
Change Dir: /workspace/assignments/lio-mapping/build/CMakeFiles/CMakeTmp

Run Build Command:"/usr/bin/make" "cmTC_e0d72/fast"
/usr/bin/make -f CMakeFiles/cmTC_e0d72.dir/build.make CMakeFiles/cmTC_e0d72.dir/build
make[1]: Entering directory '/workspace/assignments/lio-mapping/build/CMakeFiles/CMakeTmp'
Building C object CMakeFiles/cmTC_e0d72.dir/CheckSymbolExists.c.o
/usr/bin/cc    -o CMakeFiles/cmTC_e0d72.dir/CheckSymbolExists.c.o   -c /workspace/assignments/lio-mapping/build/CMakeFiles/CMakeTmp/CheckSymbolExists.c
Linking C executable cmTC_e0d72
/usr/bin/cmake -E cmake_link_script CMakeFiles/cmTC_e0d72.dir/link.txt --verbose=1
/usr/bin/cc      -rdynamic CMakeFiles/cmTC_e0d72.dir/CheckSymbolExists.c.o  -o cmTC_e0d72 
CMakeFiles/cmTC_e0d72.dir/CheckSymbolExists.c.o: In function `main':
CheckSymbolExists.c:(.text+0x1b): undefined reference to `pthread_create'
collect2: error: ld returned 1 exit status
CMakeFiles/cmTC_e0d72.dir/build.make:97: recipe for target 'cmTC_e0d72' failed
make[1]: *** [cmTC_e0d72] Error 1
make[1]: Leaving directory '/workspace/assignments/lio-mapping/build/CMakeFiles/CMakeTmp'
Makefile:126: recipe for target 'cmTC_e0d72/fast' failed
make: *** [cmTC_e0d72/fast] Error 2

File /workspace/assignments/lio-mapping/build/CMakeFiles/CMakeTmp/CheckSymbolExists.c:
/* */
#include <pthread.h>

int main(int argc, char** argv)
{
  (void)argv;
#ifndef pthread_create
  return ((int*)(&pthread_create))[argc];
#else
  (void)argc;
  return 0;
#endif
}

Determining if the function pthread_create exists in the pthreads failed with the following output:
Change Dir: /workspace/assignments/lio-mapping/build/CMakeFiles/CMakeTmp

Run Build Command:"/usr/bin/make" "cmTC_02e70/fast"
/usr/bin/make -f CMakeFiles/cmTC_02e70.dir/build.make CMakeFiles/cmTC_02e70.dir/build
make[1]: Entering directory '/workspace/assignments/lio-mapping/build/CMakeFiles/CMakeTmp'
Building C object CMakeFiles/cmTC_02e70.dir/CheckFunctionExists.c.o
/usr/bin/cc   -DCHECK_FUNCTION_EXISTS=pthread_create   -o CMakeFiles/cmTC_02e70.dir/CheckFunctionExists.c.o   -c /usr/share/cmake-3.10/Modules/CheckFunctionExists.c
Linking C executable cmTC_02e70
/usr/bin/cmake -E cmake_link_script CMakeFiles/cmTC_02e70.dir/link.txt --verbose=1
/usr/bin/cc  -DCHECK_FUNCTION_EXISTS=pthread_create    -rdynamic CMakeFiles/cmTC_02e70.dir/CheckFunctionExists.c.o  -o cmTC_02e70 -lpthreads 
/usr/bin/ld: cannot find -lpthreads
collect2: error: ld returned 1 exit status
CMakeFiles/cmTC_02e70.dir/build.make:97: recipe for target 'cmTC_02e70' failed
make[1]: *** [cmTC_02e70] Error 1
make[1]: Leaving directory '/workspace/assignments/lio-mapping/build/CMakeFiles/CMakeTmp'
Makefile:126: recipe for target 'cmTC_02e70/fast' failed
make: *** [cmTC_02e70/fast] Error 2


